<?xml version="1.0" encoding="UTF-8" ?>
<testsuite tests="22" failures="0" name="fileio.parkinglot.ParkingLotApplicationTest" time="0.061" errors="0" skipped="0">
  <properties>
[...]
</properties>
  <testcase classname="fileio.parkinglot.ParkingLotApplicationTest" name="testingSlotNumberWhichAreDrivenByDriversOfParticularAgeWhenAgeIsNull" time="0.047"/>
  <testcase classname="fileio.parkinglot.ParkingLotApplicationTest" name="testingVehicleNumberWhichAreDrivenByDriversOfParticularAgeButVehiclesAreNotPresent" time="0"/>
  <testcase classname="fileio.parkinglot.ParkingLotApplicationTest" name="assignParkingSlotsCompletelyAndTestingTheParkingFullCase" time="0"/>
  <testcase classname="fileio.parkinglot.ParkingLotApplicationTest" name="testAssignParkingSlotForAVehicleWhenDriverDetailsIsNull" time="0"/>
  <testcase classname="fileio.parkinglot.ParkingLotApplicationTest" name="createParkingLot" time="0"/>
  <testcase classname="fileio.parkinglot.ParkingLotApplicationTest" name="testCreatingParkingLotWithInvalidCapacity" time="0"/>
  <testcase classname="fileio.parkinglot.ParkingLotApplicationTest" name="testingVehicleNumberWhichAreDrivenByDriversOfParticularAge" time="0.001"/>
  <testcase classname="fileio.parkinglot.ParkingLotApplicationTest" name="alreadyExistParkingLot" time="0"/>
  <testcase classname="fileio.parkinglot.ParkingLotApplicationTest" name="testingVehicleNumberWhichAreDrivenByDriversOfParticularAgeWhenAgeValueIsInvalid" time="0.001"/>
  <testcase classname="fileio.parkinglot.ParkingLotApplicationTest" name="testingSlotNumberWhichAreDrivenByDriversOfParticularAgeButVehiclesAreNotPresent" time="0"/>
  <testcase classname="fileio.parkinglot.ParkingLotApplicationTest" name="testAssignParkingSlotForAVehicleWhenVehicleDetailsIsNull" time="0"/>
  <testcase classname="fileio.parkinglot.ParkingLotApplicationTest" name="testingVehicleNumberWhichAreDrivenByDriversOfParticularAgeWhenAgeIsNull" time="0"/>
  <testcase classname="fileio.parkinglot.ParkingLotApplicationTest" name="testingSlotNumberGivenVehicleRegistrationNumberWhenNumberIsNull" time="0.001"/>
  <testcase classname="fileio.parkinglot.ParkingLotApplicationTest" name="testingLeavingTheVehicleWhenSlotIdIsNull" time="0"/>
  <testcase classname="fileio.parkinglot.ParkingLotApplicationTest" name="testingSlotNumberGivenVehicleRegistrationNumber" time="0"/>
  <testcase classname="fileio.parkinglot.ParkingLotApplicationTest" name="testingSlotNumberWhichAreDrivenByDriversOfParticularAge" time="0.01"/>
  <testcase classname="fileio.parkinglot.ParkingLotApplicationTest" name="testingSlotNumberWhichAreDrivenByDriversOfParticularAgeWhenAgeValueIsInvalid" time="0"/>
  <testcase classname="fileio.parkinglot.ParkingLotApplicationTest" name="testAssignParkingSlotForAVehicle" time="0.001"/>
  <testcase classname="fileio.parkinglot.ParkingLotApplicationTest" name="testingLeavingTheVehicle" time="0"/>
  <testcase classname="fileio.parkinglot.ParkingLotApplicationTest" name="testingParkingAndLeavingMultipleVehicles" time="0"/>
  <testcase classname="fileio.parkinglot.ParkingLotApplicationTest" name="testingSlotNumberGivenVehicleRegistrationNumberWhenVehicleDoesNotExists" time="0"/>
  <testcase classname="fileio.parkinglot.ParkingLotApplicationTest" name="assignParkingSlotForMultipleVehicles" time="0"/>
</testsuite>